npm ERR! code ERESOLVE
npm ERR! ERESOLVE unable to resolve dependency tree
npm ERR! 
npm ERR! While resolving: vite-reactts-eslint-prettier@0.0.0
npm ERR! Found: vite@2.9.16
npm ERR! node_modules/vite
npm ERR!   dev vite@"^2.9.12" from the root project
npm ERR! 
npm ERR! Could not resolve dependency:
npm ERR! peer vite@"^3.0.0 || ^4.0.0 || ^5.0.0" from @storybook/react-vite@7.6.1
npm ERR! node_modules/@storybook/react-vite
npm ERR!   dev @storybook/react-vite@"^7.6.1" from the root project
npm ERR! 
npm ERR! Fix the upstream dependency conflict, or retry
npm ERR! this command with --force or --legacy-peer-deps
npm ERR! to accept an incorrect (and potentially broken) dependency resolution.
npm ERR! 
npm ERR! 
npm ERR! For a full report see:
npm ERR! /Users/bhouston/.npm/_logs/2023-11-30T01_20_23_426Z-eresolve-report.txt

npm ERR! A complete log of this run can be found in: /Users/bhouston/.npm/_logs/2023-11-30T01_20_23_426Z-debug-0.log
